{"uid":"a2c1eed8346971bf","name":"test_获取赛程列表","fullName":"testcase.test_smoke.test_grade.TestGrade#test_获取赛程列表","historyId":"024fe3a0ce1370cac95ff4fb36494a4a","time":{"start":1770712305382,"stop":1770712305448,"duration":66},"status":"failed","statusMessage":"AssertionError: assert 502 == 200\n +  where 502 = <Response [502]>.status_code","statusTrace":"self = <testcase.test_smoke.test_grade.TestGrade object at 0x000002DCAC1CCEB0>\n\n    def test_获取赛程列表(self):\n        url = \"http://idrc.iflight-rc.com/api/fixture/get_fixture\"\n        params_data = {\n            \"match_time\": \"2024-11-22\",\n            \"carnival_id\": \"\"\n        }\n        res1 = requests.post(url, params=params_data)\n>       assert res1.status_code == 200\nE       assert 502 == 200\nE        +  where 502 = <Response [502]>.status_code\n\ntestcase\\test_smoke\\test_grade.py:28: AssertionError","flaky":false,"newFailed":false,"newBroken":false,"newPassed":false,"retriesCount":0,"retriesStatusChange":false,"beforeStages":[],"afterStages":[],"labels":[{"name":"parentSuite","value":"testcase.test_smoke"},{"name":"suite","value":"test_grade"},{"name":"subSuite","value":"TestGrade"},{"name":"host","value":"PC-20250907ITIM"},{"name":"thread","value":"14800-MainThread"},{"name":"framework","value":"pytest"},{"name":"language","value":"cpython3"},{"name":"package","value":"testcase.test_smoke.test_grade"},{"name":"resultFormat","value":"allure2"}],"parameters":[],"links":[],"hidden":false,"retry":false,"extra":{"severity":"normal","retries":[],"categories":[{"name":"Product defects","matchedStatuses":[]}],"history":{"statistic":{"failed":4,"broken":0,"skipped":0,"passed":0,"unknown":0,"total":4},"items":[{"uid":"65c341e354e638c5","status":"failed","statusDetails":"AssertionError: assert 502 == 200\n +  where 502 = <Response [502]>.status_code","time":{"start":1770367044936,"stop":1770367045446,"duration":510}},{"uid":"6e914720084bccdf","status":"failed","statusDetails":"AssertionError: assert 502 == 200\n +  where 502 = <Response [502]>.status_code","time":{"start":1770366899250,"stop":1770366899744,"duration":494}},{"uid":"67392e559c2ad22","status":"failed","statusDetails":"AssertionError: assert 502 == 200\n +  where 502 = <Response [502]>.status_code","time":{"start":1770366559577,"stop":1770366560115,"duration":538}}]},"tags":[]},"source":"a2c1eed8346971bf.json","parameterValues":[]}